/*C1*/SET SCHEMA SYSTEM_LOBS
INSERT INTO BLOCKS VALUES(0,2147483647,0)
COMMIT
/*C2*/SET SCHEMA PUBLIC
CREATE TABLE CANDIDATO(   ID INTEGER PRIMARY KEY,  NOME VARCHAR(500),   TOTAL_VOTOS INTEGER )
DISCONNECT
/*C3*/SET SCHEMA PUBLIC
INSERT INTO CANDIDATO VALUES(1,'Fulano',300)
COMMIT
INSERT INTO CANDIDATO VALUES(2,'Beutrano',200)
COMMIT
INSERT INTO CANDIDATO VALUES(3,'Ciclano',180)
COMMIT
INSERT INTO CANDIDATO VALUES(4,'Um Dois Tres Oliveira Quatro',400)
COMMIT
INSERT INTO CANDIDATO VALUES(5,'Candidato X',1000)
COMMIT
INSERT INTO CANDIDATO VALUES(6,'Candidato Y',800)
COMMIT
INSERT INTO CANDIDATO VALUES(7,'Candidato Z',1200)
COMMIT
DISCONNECT
/*C4*/SET SCHEMA PUBLIC
DISCONNECT
/*C5*/SET SCHEMA PUBLIC
DISCONNECT
/*C6*/SET SCHEMA PUBLIC
DISCONNECT
/*C7*/SET SCHEMA PUBLIC
DISCONNECT
